🚀 Deploying arweave-uploader...
Preparing function...
done.
Updating function (may take a while)...
[Build]....................................................................................................................................................................................................................................................................................................................................................................................................................................................done
[Service]......................................................................warning
Completed with warnings:
  [INFO] A new revision will be deployed serving with 100% traffic.
You can view your function in the Cloud Console here: https://console.cloud.google.com/functions/details/us-central1/arweave-uploader?project=wandern-project-startup

buildConfig:
  automaticUpdatePolicy: {}
  build: projects/1071951656531/locations/us-central1/builds/02d3af9f-59f0-45d6-9ef8-72d175c4f30d
  dockerRegistry: ARTIFACT_REGISTRY
  dockerRepository: projects/wandern-project-startup/locations/us-central1/repositories/gcf-artifacts
  entryPoint: upload_batch
  runtime: python311
  serviceAccount: projects/wandern-project-startup/serviceAccounts/1071951656531-compute@developer.gserviceaccount.com
  source:
    storageSource:
      bucket: gcf-v2-sources-1071951656531-us-central1
      generation: '1767213506100125'
      object: arweave-uploader/function-source.zip
  sourceProvenance:
    resolvedStorageSource:
      bucket: gcf-v2-sources-1071951656531-us-central1
      generation: '1767213506100125'
      object: arweave-uploader/function-source.zip
createTime: '2025-12-31T18:32:43.023936490Z'
environment: GEN_2
labels:
  deployment-tool: cli-gcloud
name: projects/wandern-project-startup/locations/us-central1/functions/arweave-uploader
satisfiesPzi: true
serviceConfig:
  allTrafficOnLatestRevision: true
  availableCpu: '0.3333'
  availableMemory: 512M
  environmentVariables:
    DB_NAME: wandern
    DB_PASSWORD: Role7442
    DB_USER: wandern_user
    INSTANCE_CONNECTION_NAME: wandern-project-startup:us-central1:wandern-postgres-instance-v3
    LOG_EXECUTION_ID: 'true'
  ingressSettings: ALLOW_ALL
  maxInstanceCount: 100
  maxInstanceRequestConcurrency: 1
  revision: arweave-uploader-00004-cik
  service: projects/wandern-project-startup/locations/us-central1/services/arweave-uploader
  serviceAccountEmail: 1071951656531-compute@developer.gserviceaccount.com
  timeoutSeconds: 300
  uri: https://arweave-uploader-zdku5kri5a-uc.a.run.app
state: ACTIVE
updateTime: '2025-12-31T20:39:17.115084396Z'
url: https://us-central1-wandern-project-startup.cloudfunctions.net/arweave-uploader
✅ Deploy complete!
URL: https://us-central1-wandern-project-startup.cloudfunctions.net/arweave-uploader
